gcc -std=c99 -Wall -Wconversion -Wtype-limits -pedantic -Werror -O2 -g src/*.c pruebas_chanutron.o -o pruebas_chanutron
valgrind --leak-check=full --track-origins=yes --show-reachable=yes --error-exitcode=2 --show-leak-kinds=all --trace-children=yes ./pruebas_chanutron
==47840== Memcheck, a memory error detector
==47840== Copyright (C) 2002-2017, and GNU GPL'd, by Julian Seward et al.
==47840== Using Valgrind-3.18.1 and LibVEX; rerun with -h for copyright info
==47840== Command: ./pruebas_chanutron
==47840== 
[33;1m
Pruebas de creación y destrucción
===================================[37;1m
[32;1m✓ [37;1mCreo un hash con capacidad 1
[32;1m✓ [37;1mCreo un hash con capacidad 10
[32;1m✓ [37;1mCreo un hash con capacidad 1000
==47841== 
==47841== HEAP SUMMARY:
==47841==     in use at exit: 0 bytes in 0 blocks
==47841==   total heap usage: 7 allocs, 7 frees, 12,256 bytes allocated
==47841== 
==47841== All heap blocks were freed -- no leaks are possible
==47841== 
==47841== For lists of detected and suppressed errors, rerun with: -s
==47841== ERROR SUMMARY: 0 errors from 0 contexts (suppressed: 0 from 0)
[33;1m
Pruebas de inserción
=====================[37;1m
[32;1m✓ [37;1mInserto <CLAVE1,1>
[32;1m✓ [37;1mInserto <CLAVE2,2>
[32;1m✓ [37;1mInserto <CLAVE3,3>
[32;1m✓ [37;1mInserto <CLAVE4,4>
[32;1m✓ [37;1mBusco CLAVE1
[32;1m✓ [37;1mBusco CLAVE2
[32;1m✓ [37;1mBusco CLAVE3
[32;1m✓ [37;1mBusco CLAVE4
[32;1m✓ [37;1mInserto <CLAVE1,5>
[32;1m✓ [37;1mInserto <CLAVE2,6>
[32;1m✓ [37;1mBusco CLAVE1
[32;1m✓ [37;1mBusco CLAVE2
[32;1m✓ [37;1mBusco CLAVE3
[32;1m✓ [37;1mBusco CLAVE4
[32;1m✓ [37;1mInserto <CLAVE1,7>
[32;1m✓ [37;1mInserto <CLAVE2,8>
[32;1m✓ [37;1mBusco CLAVE1
[32;1m✓ [37;1mBusco CLAVE2
[32;1m✓ [37;1mBusco CLAVE3
[32;1m✓ [37;1mBusco CLAVE4
[32;1m✓ [37;1mLa cantidad de elementos del hash es 4
==47842== 
==47842== HEAP SUMMARY:
==47842==     in use at exit: 0 bytes in 0 blocks
==47842==   total heap usage: 19 allocs, 19 frees, 4,433 bytes allocated
==47842== 
==47842== All heap blocks were freed -- no leaks are possible
==47842== 
==47842== For lists of detected and suppressed errors, rerun with: -s
==47842== ERROR SUMMARY: 0 errors from 0 contexts (suppressed: 0 from 0)
[33;1m
Pruebas de eliminación
=======================[37;1m
[32;1m✓ [37;1mElimino una clave que no existe de un hash, devuelve NULL
[32;1m✓ [37;1mInserto <1,A>
[32;1m✓ [37;1mInserto <1,A>
[32;1m✓ [37;1mElimino la clave 1, devuelve el elemento
[32;1m✓ [37;1mElimino la clave 1 otra vez, devuelve error
[32;1m✓ [37;1mEl tamaño de hash es 0
[32;1m✓ [37;1mObtener una clave borrada devuelve NULL
[32;1m✓ [37;1mInserto <1,B>
[32;1m✓ [37;1mObtengo la clave 1 y devuelve B
[32;1m✓ [37;1mInserto <4,A>
[32;1m✓ [37;1mEl tamaño de hash es 2
[32;1m✓ [37;1mElimino la clave 1, devuelve el elemento B
[32;1m✓ [37;1mElimino la clave 4, devuelve el elemento A
[32;1m✓ [37;1mEl tamaño de hash es 0
==47843== 
==47843== HEAP SUMMARY:
==47843==     in use at exit: 0 bytes in 0 blocks
==47843==   total heap usage: 9 allocs, 9 frees, 4,222 bytes allocated
==47843== 
==47843== All heap blocks were freed -- no leaks are possible
==47843== 
==47843== For lists of detected and suppressed errors, rerun with: -s
==47843== ERROR SUMMARY: 0 errors from 0 contexts (suppressed: 0 from 0)
[33;1m
Pruebas de actualizacion de claves
==================================[37;1m
[32;1m✓ [37;1mInserto <1,A> exitosamente
[32;1m✓ [37;1mEl elemento anterior reemplazado en el insertar es NULL
[32;1m✓ [37;1mInserto <1,B> exitosamente
[32;1m✓ [37;1mEl elemento anterior reemplazado en el insertar es A
[32;1m✓ [37;1mObtengo 1 y vale B
[32;1m✓ [37;1mElimino la clave 1 y devuelve B
[32;1m✓ [37;1mInserto <1,B> exitosamente
[32;1m✓ [37;1mEl elemento anterior reemplazado en el insertar es NULL
[32;1m✓ [37;1mObtengo 1 y vale B
[32;1m✓ [37;1mInserto <1,C> exitosamente
[32;1m✓ [37;1mEl elemento anterior reemplazado en el insertar es B
[32;1m✓ [37;1mObtengo 1 y vale C
[32;1m✓ [37;1mInserto <1,D> exitosamente
[32;1m✓ [37;1mEl elemento anterior reemplazado en el insertar es C
[32;1m✓ [37;1mObtengo 1 y vale D
[32;1m✓ [37;1mInserto <1,C> exitosamente
[32;1m✓ [37;1mEl elemento anterior reemplazado en el insertar es D
[32;1m✓ [37;1mObtengo 1 y vale C
==47844== 
==47844== HEAP SUMMARY:
==47844==     in use at exit: 0 bytes in 0 blocks
==47844==   total heap usage: 7 allocs, 7 frees, 4,252 bytes allocated
==47844== 
==47844== All heap blocks were freed -- no leaks are possible
==47844== 
==47844== For lists of detected and suppressed errors, rerun with: -s
==47844== ERROR SUMMARY: 0 errors from 0 contexts (suppressed: 0 from 0)
[33;1m
Pruebas con muchas inserciones/eliminaciones
============================================[37;1m
[33;1m
COPIA LA CLAVE AL INSERTAR (YO TE AVISÉ)
=========================================[37;1m
[32;1m✓ [37;1mPude insertar 50000 claves diferentes exitosamente (no hay reemplazos)
[32;1m✓ [37;1mLa cantidad de claves almacenadas es 50000
[32;1m✓ [37;1mElimino 1/3 de las claves, quitar me da el elemento correcto obtener me da NULL
[32;1m✓ [37;1mPude volver a insertar las 50000 mismas claves sin errores y cada insertar me devuelve el elemento anterior para esa clave
[32;1m✓ [37;1mLa cantidad de claves almacenadas es 50000
==47848== 
==47848== HEAP SUMMARY:
==47848==     in use at exit: 0 bytes in 0 blocks
==47848==   total heap usage: 271,003 allocs, 271,003 frees, 5,370,900 bytes allocated
==47848== 
==47848== All heap blocks were freed -- no leaks are possible
==47848== 
==47848== For lists of detected and suppressed errors, rerun with: -s
==47848== ERROR SUMMARY: 0 errors from 0 contexts (suppressed: 0 from 0)
[33;1m
Pruebas de iterador interno
===========================[37;1m
[32;1m✓ [37;1mInserto N elementos sin error
[32;1m✓ [37;1mEl hash tiene tamaño N
[32;1m✓ [37;1mEl iterador interno recorre N claves
[32;1m✓ [37;1mLas N claves recorridas son las N insertadas
[32;1m✓ [37;1mRecorro las primeras 5 claves
[32;1m✓ [37;1mSe invocó la función de iteración 5 veces
[32;1m✓ [37;1mRecorro las primeras 3 claves
[32;1m✓ [37;1mSe invocó la función de iteración 3 veces
==47849== 
==47849== HEAP SUMMARY:
==47849==     in use at exit: 0 bytes in 0 blocks
==47849==   total heap usage: 103 allocs, 103 frees, 6,014 bytes allocated
==47849== 
==47849== All heap blocks were freed -- no leaks are possible
==47849== 
==47849== For lists of detected and suppressed errors, rerun with: -s
==47849== ERROR SUMMARY: 0 errors from 0 contexts (suppressed: 0 from 0)
[33;1m
Pruebas NULL
============[37;1m
[32;1m✓ [37;1mEn un hash NULL se inserta un elemento NULL, con clave NULL, devuelve NULL
[32;1m✓ [37;1mSi en un hash NULL se inserta un elemento diferente de NULL, con clave NULL, devuelve NULL
[32;1m✓ [37;1mEn un hash se inserta un elemento, con clave NULL, devuelve NULL
[32;1m✓ [37;1mEn un hash se inserta un elemento NULL, con clave, devuelve el hash
[32;1m✓ [37;1mSe busca un elemento de un hash NULL, devuelve NULL
[32;1m✓ [37;1mUn hash NULL se considera vacio
[32;1m✓ [37;1mLa cantidad de un hash NULL es 0 
[32;1m✓ [37;1mQuitar un elemento de un hash NULL deberia devolver NULL
==47850== 
==47850== HEAP SUMMARY:
==47850==     in use at exit: 0 bytes in 0 blocks
==47850==   total heap usage: 5 allocs, 5 frees, 4,226 bytes allocated
==47850== 
==47850== All heap blocks were freed -- no leaks are possible
==47850== 
==47850== For lists of detected and suppressed errors, rerun with: -s
==47850== ERROR SUMMARY: 0 errors from 0 contexts (suppressed: 0 from 0)
[33;1m
------------ MÁS PRUEBAS DEL TDA HASH ------------
===================================================[37;1m
[33;1m
PRUEBAS DE CREACIÓN Y DESTRUCCIÓN
===================================[37;1m
[32;1m✓ [37;1mSe puede crear un hash con cantidad mayor a 3.
[32;1m✓ [37;1mSe puede crear un hash con cantidad menor a 3.
==47851== 
==47851== HEAP SUMMARY:
==47851==     in use at exit: 0 bytes in 0 blocks
==47851==   total heap usage: 5 allocs, 5 frees, 4,200 bytes allocated
==47851== 
==47851== All heap blocks were freed -- no leaks are possible
==47851== 
==47851== For lists of detected and suppressed errors, rerun with: -s
==47851== ERROR SUMMARY: 0 errors from 0 contexts (suppressed: 0 from 0)
[33;1m
PRUEBAS DE INSERCIÓN
=====================[37;1m
[33;1m
Pruebas con NULLs
=================[37;1m
[32;1m✓ [37;1mNo se puede insertar en un hash nulo
[32;1m✓ [37;1mNo se puede insertar una clave nula
[32;1m✓ [37;1mSe puede insertar un elemento NULL
==47853== 
==47853== HEAP SUMMARY:
==47853==     in use at exit: 0 bytes in 0 blocks
==47853==   total heap usage: 5 allocs, 5 frees, 4,201 bytes allocated
==47853== 
==47853== All heap blocks were freed -- no leaks are possible
==47853== 
==47853== For lists of detected and suppressed errors, rerun with: -s
==47853== ERROR SUMMARY: 0 errors from 0 contexts (suppressed: 0 from 0)
[33;1m
Inserción y actualización en hash válido de elemento no nulo
===============================================================[37;1m
[32;1m✓ [37;1mSe puede insertar un elemento no null
[32;1m✓ [37;1mSe puede actualizar el elemento
[32;1m✓ [37;1mSe almacena el valor anterior en la variable anterior
[32;1m✓ [37;1mSe puede volver a actualizar el elemento, pasando anterior nulo
==47869== 
==47869== HEAP SUMMARY:
==47869==     in use at exit: 0 bytes in 0 blocks
==47869==   total heap usage: 5 allocs, 5 frees, 4,201 bytes allocated
==47869== 
==47869== All heap blocks were freed -- no leaks are possible
==47869== 
==47869== For lists of detected and suppressed errors, rerun with: -s
==47869== ERROR SUMMARY: 0 errors from 0 contexts (suppressed: 0 from 0)
[33;1m
Rehash
======[37;1m
[32;1m✓ [37;1mSe pudo insertar 100 elementos en el hash, causando un rehash.
[32;1m✓ [37;1mSe contienen los 100 elementos insertados.
==47871== 
==47871== HEAP SUMMARY:
==47871==     in use at exit: 0 bytes in 0 blocks
==47871==   total heap usage: 679 allocs, 679 frees, 17,899 bytes allocated
==47871== 
==47871== All heap blocks were freed -- no leaks are possible
==47871== 
==47871== For lists of detected and suppressed errors, rerun with: -s
==47871== ERROR SUMMARY: 0 errors from 0 contexts (suppressed: 0 from 0)
==47852== 
==47852== HEAP SUMMARY:
==47852==     in use at exit: 0 bytes in 0 blocks
==47852==   total heap usage: 1 allocs, 1 frees, 4,096 bytes allocated
==47852== 
==47852== All heap blocks were freed -- no leaks are possible
==47852== 
==47852== For lists of detected and suppressed errors, rerun with: -s
==47852== ERROR SUMMARY: 0 errors from 0 contexts (suppressed: 0 from 0)
[33;1m
PRUEBAS DE ELIMINACIÓN
=======================[37;1m
[33;1m
Eliminaciones con NULLs
=======================[37;1m
[32;1m✓ [37;1mNo es posible eliminar un elemento de un hash nulo
[32;1m✓ [37;1mNo es posible eliminar un elemento con clave nula de un hash válido
==47873== 
==47873== HEAP SUMMARY:
==47873==     in use at exit: 0 bytes in 0 blocks
==47873==   total heap usage: 3 allocs, 3 frees, 4,168 bytes allocated
==47873== 
==47873== All heap blocks were freed -- no leaks are possible
==47873== 
==47873== For lists of detected and suppressed errors, rerun with: -s
==47873== ERROR SUMMARY: 0 errors from 0 contexts (suppressed: 0 from 0)
[33;1m
Eliminaciones con claves
========================[37;1m
[32;1m✓ [37;1mNo es posible eliminar un elemento inexistente de un hash válido
[32;1m✓ [37;1mEs posible eliminar un elemento existene de un hash válido
[32;1m✓ [37;1mEl elemento fue eliminado, no es posible volver a eliminarlo
==47874== 
==47874== HEAP SUMMARY:
==47874==     in use at exit: 0 bytes in 0 blocks
==47874==   total heap usage: 5 allocs, 5 frees, 4,201 bytes allocated
==47874== 
==47874== All heap blocks were freed -- no leaks are possible
==47874== 
==47874== For lists of detected and suppressed errors, rerun with: -s
==47874== ERROR SUMMARY: 0 errors from 0 contexts (suppressed: 0 from 0)
==47872== 
==47872== HEAP SUMMARY:
==47872==     in use at exit: 0 bytes in 0 blocks
==47872==   total heap usage: 1 allocs, 1 frees, 4,096 bytes allocated
==47872== 
==47872== All heap blocks were freed -- no leaks are possible
==47872== 
==47872== For lists of detected and suppressed errors, rerun with: -s
==47872== ERROR SUMMARY: 0 errors from 0 contexts (suppressed: 0 from 0)
[33;1m
PRUEBAS DE OBTENCIÓN
=====================[37;1m
[33;1m
Obtención con NULLs
====================[37;1m
[32;1m✓ [37;1mNo es posible obtener un elemento de un hash nulo
[32;1m✓ [37;1mNo es posible obtener un elemento con clave nula de un hash válido
==47876== 
==47876== HEAP SUMMARY:
==47876==     in use at exit: 0 bytes in 0 blocks
==47876==   total heap usage: 3 allocs, 3 frees, 4,168 bytes allocated
==47876== 
==47876== All heap blocks were freed -- no leaks are possible
==47876== 
==47876== For lists of detected and suppressed errors, rerun with: -s
==47876== ERROR SUMMARY: 0 errors from 0 contexts (suppressed: 0 from 0)
[33;1m
Obtención de elementos
=======================[37;1m
[32;1m✓ [37;1mNo es posible obtener un elemento inexistente de un hash válido
[32;1m✓ [37;1mEs posible obtener un elemento existene de un hash válido
[32;1m✓ [37;1mIntentamos obtener el mismo el elemento de nuevo, y funciona (no fue eliminado)
==47877== 
==47877== HEAP SUMMARY:
==47877==     in use at exit: 0 bytes in 0 blocks
==47877==   total heap usage: 5 allocs, 5 frees, 4,201 bytes allocated
==47877== 
==47877== All heap blocks were freed -- no leaks are possible
==47877== 
==47877== For lists of detected and suppressed errors, rerun with: -s
==47877== ERROR SUMMARY: 0 errors from 0 contexts (suppressed: 0 from 0)
==47875== 
==47875== HEAP SUMMARY:
==47875==     in use at exit: 0 bytes in 0 blocks
==47875==   total heap usage: 1 allocs, 1 frees, 4,096 bytes allocated
==47875== 
==47875== All heap blocks were freed -- no leaks are possible
==47875== 
==47875== For lists of detected and suppressed errors, rerun with: -s
==47875== ERROR SUMMARY: 0 errors from 0 contexts (suppressed: 0 from 0)
[33;1m
PRUEBAS DE CONTENCIÓN
======================[37;1m
[33;1m
Contención con NULLs
=====================[37;1m
[32;1m✓ [37;1mUn hash nulo no contiene una clave válida
[32;1m✓ [37;1mUn hash válido no contiene una clave nula
==47879== 
==47879== HEAP SUMMARY:
==47879==     in use at exit: 0 bytes in 0 blocks
==47879==   total heap usage: 5 allocs, 5 frees, 4,201 bytes allocated
==47879== 
==47879== All heap blocks were freed -- no leaks are possible
==47879== 
==47879== For lists of detected and suppressed errors, rerun with: -s
==47879== ERROR SUMMARY: 0 errors from 0 contexts (suppressed: 0 from 0)
[33;1m
Contención con claves
======================[37;1m
[32;1m✓ [37;1mUn hash válido no contiene una clave nunca ingresada al hash
[32;1m✓ [37;1mUn hash válido contiene una clave antes ingresada al hash
==47880== 
==47880== HEAP SUMMARY:
==47880==     in use at exit: 0 bytes in 0 blocks
==47880==   total heap usage: 5 allocs, 5 frees, 4,201 bytes allocated
==47880== 
==47880== All heap blocks were freed -- no leaks are possible
==47880== 
==47880== For lists of detected and suppressed errors, rerun with: -s
==47880== ERROR SUMMARY: 0 errors from 0 contexts (suppressed: 0 from 0)
==47878== 
==47878== HEAP SUMMARY:
==47878==     in use at exit: 0 bytes in 0 blocks
==47878==   total heap usage: 1 allocs, 1 frees, 4,096 bytes allocated
==47878== 
==47878== All heap blocks were freed -- no leaks are possible
==47878== 
==47878== For lists of detected and suppressed errors, rerun with: -s
==47878== ERROR SUMMARY: 0 errors from 0 contexts (suppressed: 0 from 0)
[33;1m
PRUEBAS DE CANTIDAD DE ELEMENTOS
================================[37;1m
[33;1m
Cantidad de hash nulo
=====================[37;1m
[32;1m✓ [37;1mLa cantidad de elementos de un hash nulo es 0
==47882== 
==47882== HEAP SUMMARY:
==47882==     in use at exit: 0 bytes in 0 blocks
==47882==   total heap usage: 1 allocs, 1 frees, 4,096 bytes allocated
==47882== 
==47882== All heap blocks were freed -- no leaks are possible
==47882== 
==47882== For lists of detected and suppressed errors, rerun with: -s
==47882== ERROR SUMMARY: 0 errors from 0 contexts (suppressed: 0 from 0)
[33;1m
Cantidad de hash vacío
=======================[37;1m
[32;1m✓ [37;1mLa cantidad de elementos de un hash vacío es 0
==47883== 
==47883== HEAP SUMMARY:
==47883==     in use at exit: 0 bytes in 0 blocks
==47883==   total heap usage: 3 allocs, 3 frees, 4,168 bytes allocated
==47883== 
==47883== All heap blocks were freed -- no leaks are possible
==47883== 
==47883== For lists of detected and suppressed errors, rerun with: -s
==47883== ERROR SUMMARY: 0 errors from 0 contexts (suppressed: 0 from 0)
[33;1m
Cantidad de hash con elementos
==============================[37;1m
[32;1m✓ [37;1mCreo un hash. La cantidad de elementos es 0
[32;1m✓ [37;1mInserto un elemento. Ahora, la cantidad de elementos es 1
[32;1m✓ [37;1mInserto otro elemento. Ahora, la cantidad de elementos es 2
[32;1m✓ [37;1mActualizo un elemento. La cantidad de elementos sigue siendo es 2
[32;1m✓ [37;1mElimino un elemento. Ahora, la cantidad de elementos es 1
==47884== 
==47884== HEAP SUMMARY:
==47884==     in use at exit: 0 bytes in 0 blocks
==47884==   total heap usage: 7 allocs, 7 frees, 4,242 bytes allocated
==47884== 
==47884== All heap blocks were freed -- no leaks are possible
==47884== 
==47884== For lists of detected and suppressed errors, rerun with: -s
==47884== ERROR SUMMARY: 0 errors from 0 contexts (suppressed: 0 from 0)
==47881== 
==47881== HEAP SUMMARY:
==47881==     in use at exit: 0 bytes in 0 blocks
==47881==   total heap usage: 1 allocs, 1 frees, 4,096 bytes allocated
==47881== 
==47881== All heap blocks were freed -- no leaks are possible
==47881== 
==47881== For lists of detected and suppressed errors, rerun with: -s
==47881== ERROR SUMMARY: 0 errors from 0 contexts (suppressed: 0 from 0)
[33;1m
PRUEBAS DEL ITERADOR
====================[37;1m
[33;1m
Iterar con NULLs
================[37;1m
[32;1m✓ [37;1mIterar un hash nulo devuelve 0
[32;1m✓ [37;1mIterar un hash válido con función nula devuelve 0
==47886== 
==47886== HEAP SUMMARY:
==47886==     in use at exit: 0 bytes in 0 blocks
==47886==   total heap usage: 5 allocs, 5 frees, 4,201 bytes allocated
==47886== 
==47886== All heap blocks were freed -- no leaks are possible
==47886== 
==47886== For lists of detected and suppressed errors, rerun with: -s
==47886== ERROR SUMMARY: 0 errors from 0 contexts (suppressed: 0 from 0)
[33;1m
Iterar un hash vacío
=====================[37;1m
[32;1m✓ [37;1mIterar un hash vacío devuelve 0
==47887== 
==47887== HEAP SUMMARY:
==47887==     in use at exit: 0 bytes in 0 blocks
==47887==   total heap usage: 3 allocs, 3 frees, 4,168 bytes allocated
==47887== 
==47887== All heap blocks were freed -- no leaks are possible
==47887== 
==47887== For lists of detected and suppressed errors, rerun with: -s
==47887== ERROR SUMMARY: 0 errors from 0 contexts (suppressed: 0 from 0)
[33;1m
Iterar un hash con elementos y aux nulo
=======================================[37;1m
[32;1m✓ [37;1mIterar un hash en su totalidad con aux nulo es posible
[32;1m✓ [37;1mIterar un hash parcialmente con aux nulo es posible
==47888== 
==47888== HEAP SUMMARY:
==47888==     in use at exit: 0 bytes in 0 blocks
==47888==   total heap usage: 11 allocs, 11 frees, 4,311 bytes allocated
==47888== 
==47888== All heap blocks were freed -- no leaks are possible
==47888== 
==47888== For lists of detected and suppressed errors, rerun with: -s
==47888== ERROR SUMMARY: 0 errors from 0 contexts (suppressed: 0 from 0)
[33;1m
Iterar un hash con elementos y aux no nulo
==========================================[37;1m
[32;1m✓ [37;1mIterar un hash en su totalidad con aux válido es posible
[32;1m✓ [37;1mIterar un hash parcialmente con aux válido es posible
==47889== 
==47889== HEAP SUMMARY:
==47889==     in use at exit: 0 bytes in 0 blocks
==47889==   total heap usage: 11 allocs, 11 frees, 4,311 bytes allocated
==47889== 
==47889== All heap blocks were freed -- no leaks are possible
==47889== 
==47889== For lists of detected and suppressed errors, rerun with: -s
==47889== ERROR SUMMARY: 0 errors from 0 contexts (suppressed: 0 from 0)
==47885== 
==47885== HEAP SUMMARY:
==47885==     in use at exit: 0 bytes in 0 blocks
==47885==   total heap usage: 1 allocs, 1 frees, 4,096 bytes allocated
==47885== 
==47885== All heap blocks were freed -- no leaks are possible
==47885== 
==47885== For lists of detected and suppressed errors, rerun with: -s
==47885== ERROR SUMMARY: 0 errors from 0 contexts (suppressed: 0 from 0)
[33;1m
PRUEBAS VARIAS
==============[37;1m
[32;1m✓ [37;1mCreo un hash
[32;1m✓ [37;1mLa cantidad de elementos del hash recién creado es 0
[32;1m✓ [37;1mInserto un elemento
[32;1m✓ [37;1mEl anterior de ese elemento es NULL
[32;1m✓ [37;1mLa cantidad de elementos del hash se actualizó y ahora es 1
[32;1m✓ [37;1mBusco el elemento y lo obtengo
[32;1m✓ [37;1mEl hash contiene el elemento recién ingresado
[32;1m✓ [37;1mInserto otro elemento
[32;1m✓ [37;1mEl anterior de ese elemento es NULL
[32;1m✓ [37;1mLa cantidad de elementos del hash se actualizó y ahora es 2
[32;1m✓ [37;1mBusco el primer elemento y lo obtengo
[32;1m✓ [37;1mEl hash contiene el primer elemento ingresado
[32;1m✓ [37;1mBusco el nuevo elemento y lo obtengo
[32;1m✓ [37;1mEl hash contiene el nuevo elemento ingresado
[32;1m✓ [37;1mActualizo el primer elemento
[32;1m✓ [37;1mEl anterior de ese elemento es el valor original, aux se actualizó correctamente
[32;1m✓ [37;1mLa cantidad de elementos sigue siendo 2
[32;1m✓ [37;1mBusco el valor actualizado del primer elemento y lo obtengo
[32;1m✓ [37;1mEl hash contiene el primer elemento ingresado (actualizado)
[32;1m✓ [37;1mBusco el segundo elemento ingresado y lo obtengo
[32;1m✓ [37;1mEl hash contiene el segundo elemento ingresado
[32;1m✓ [37;1mElimino el primer elemento ingresado exitosamente
[32;1m✓ [37;1mLa cantidad de elementos ahora es 1
[32;1m✓ [37;1mBusco el primer elemento y NO lo obtengo
[32;1m✓ [37;1mEl hash NO contiene el primer elemento ingresado (actualizado)
[32;1m✓ [37;1mBusco el segundo elemento ingresado y lo obtengo
[32;1m✓ [37;1mEl hash contiene el segundo elemento ingresado
[32;1m✓ [37;1mA punto de llamar a hash_destruir_todo con destructor NULL
==47890== 
==47890== HEAP SUMMARY:
==47890==     in use at exit: 0 bytes in 0 blocks
==47890==   total heap usage: 7 allocs, 7 frees, 4,244 bytes allocated
==47890== 
==47890== All heap blocks were freed -- no leaks are possible
==47890== 
==47890== For lists of detected and suppressed errors, rerun with: -s
==47890== ERROR SUMMARY: 0 errors from 0 contexts (suppressed: 0 from 0)
[37;1m
---------------------------------
144 pruebas corridas, 0 errores - OK
[0m==47840== 
==47840== HEAP SUMMARY:
==47840==     in use at exit: 0 bytes in 0 blocks
==47840==   total heap usage: 1 allocs, 1 frees, 4,096 bytes allocated
==47840== 
==47840== All heap blocks were freed -- no leaks are possible
==47840== 
==47840== For lists of detected and suppressed errors, rerun with: -s
==47840== ERROR SUMMARY: 0 errors from 0 contexts (suppressed: 0 from 0)
